<?xml version="1.0" encoding="UTF-8"?>
<!-- Generated by org.testng.reporters.JUnitXMLReporter -->
<testsuite ignored="0" hostname="seema" failures="0" tests="6" name="firefox" time="0.048" errors="0" timestamp="2023-03-14T15:29:14 IST">
  <testcase classname="testPackage.TestClassTNG1" name="test1" time="0.001"/>
  <testcase classname="testPackage.TestClassTNG1" name="test2" time="0.003"/>
  <testcase classname="testPackage.TestClassTNG1" name="test3" time="0.001"/>
  <testcase classname="testPackage.TestClassTNG2" name="test1" time="0.002"/>
  <testcase classname="testPackage.TestClassTNG2" name="test2" time="0.003"/>
  <testcase classname="testPackage.TestClassTNG2" name="test3" time="0.002"/>
</testsuite> <!-- firefox -->
